<?xml version="1.0" ?>
<coverage version="7.2.7" timestamp="1690386104812" lines-valid="229" lines-covered="222" line-rate="0.9694" branches-covered="0" branches-valid="0" branch-rate="0" complexity="0">
	<!-- Generated by coverage.py: https://coverage.readthedocs.io/en/7.2.7 -->
	<!-- Based on https://raw.githubusercontent.com/cobertura/web/master/htdocs/xml/coverage-04.dtd -->
	<sources>
		<source>/home/runner/work/cvxcla/cvxcla/cvx</source>
	</sources>
	<packages>
		<package name="cla" line-rate="0.9694" branch-rate="0" complexity="0">
			<classes>
				<class name="__init__.py" filename="cla/__init__.py" complexity="0" line-rate="1" branch-rate="0">
					<methods/>
					<lines/>
				</class>
				<class name="cla.py" filename="cla/cla.py" complexity="0" line-rate="0.9718" branch-rate="0">
					<methods/>
					<lines>
						<line number="2" hits="1"/>
						<line number="5" hits="1"/>
						<line number="7" hits="1"/>
						<line number="8" hits="1"/>
						<line number="10" hits="1"/>
						<line number="13" hits="1"/>
						<line number="14" hits="1"/>
						<line number="17" hits="1"/>
						<line number="18" hits="1"/>
						<line number="19" hits="1"/>
						<line number="20" hits="1"/>
						<line number="22" hits="1"/>
						<line number="33" hits="1"/>
						<line number="34" hits="1"/>
						<line number="35" hits="1"/>
						<line number="37" hits="1"/>
						<line number="40" hits="1"/>
						<line number="41" hits="1"/>
						<line number="42" hits="1"/>
						<line number="43" hits="1"/>
						<line number="44" hits="1"/>
						<line number="47" hits="1"/>
						<line number="48" hits="1"/>
						<line number="50" hits="1"/>
						<line number="53" hits="1"/>
						<line number="56" hits="1"/>
						<line number="59" hits="1"/>
						<line number="61" hits="1"/>
						<line number="65" hits="1"/>
						<line number="75" hits="1"/>
						<line number="78" hits="1"/>
						<line number="79" hits="1"/>
						<line number="81" hits="1"/>
						<line number="82" hits="0"/>
						<line number="84" hits="1"/>
						<line number="89" hits="1"/>
						<line number="94" hits="1"/>
						<line number="95" hits="1"/>
						<line number="99" hits="1"/>
						<line number="101" hits="1"/>
						<line number="103" hits="1"/>
						<line number="104" hits="1"/>
						<line number="105" hits="1"/>
						<line number="107" hits="1"/>
						<line number="108" hits="1"/>
						<line number="110" hits="1"/>
						<line number="111" hits="1"/>
						<line number="112" hits="1"/>
						<line number="113" hits="1"/>
						<line number="115" hits="1"/>
						<line number="119" hits="1"/>
						<line number="120" hits="1"/>
						<line number="121" hits="1"/>
						<line number="122" hits="1"/>
						<line number="123" hits="1"/>
						<line number="124" hits="1"/>
						<line number="125" hits="1"/>
						<line number="126" hits="1"/>
						<line number="128" hits="1"/>
						<line number="129" hits="1"/>
						<line number="131" hits="1"/>
						<line number="135" hits="1"/>
						<line number="136" hits="1"/>
						<line number="138" hits="1"/>
						<line number="140" hits="1"/>
						<line number="148" hits="1"/>
						<line number="149" hits="1"/>
						<line number="153" hits="1"/>
						<line number="154" hits="1"/>
						<line number="155" hits="1"/>
						<line number="156" hits="1"/>
						<line number="157" hits="0"/>
						<line number="158" hits="0"/>
						<line number="160" hits="1"/>
						<line number="161" hits="1"/>
						<line number="162" hits="1"/>
						<line number="163" hits="1"/>
						<line number="164" hits="1"/>
						<line number="165" hits="1"/>
						<line number="167" hits="1"/>
						<line number="168" hits="1"/>
						<line number="169" hits="1"/>
						<line number="171" hits="1"/>
						<line number="172" hits="1"/>
						<line number="174" hits="1"/>
						<line number="182" hits="1"/>
						<line number="184" hits="1"/>
						<line number="185" hits="1"/>
						<line number="186" hits="1"/>
						<line number="188" hits="1"/>
						<line number="190" hits="1"/>
						<line number="191" hits="1"/>
						<line number="192" hits="1"/>
						<line number="194" hits="1"/>
						<line number="195" hits="1"/>
						<line number="196" hits="1"/>
						<line number="204" hits="1"/>
						<line number="205" hits="1"/>
						<line number="206" hits="1"/>
						<line number="207" hits="1"/>
						<line number="208" hits="1"/>
						<line number="210" hits="1"/>
						<line number="211" hits="1"/>
						<line number="214" hits="1"/>
						<line number="215" hits="1"/>
						<line number="217" hits="1"/>
						<line number="219" hits="1"/>
						<line number="220" hits="1"/>
						<line number="221" hits="1"/>
						<line number="222" hits="1"/>
						<line number="223" hits="1"/>
						<line number="225" hits="1"/>
						<line number="226" hits="1"/>
						<line number="227" hits="1"/>
						<line number="228" hits="1"/>
						<line number="236" hits="1"/>
						<line number="237" hits="1"/>
						<line number="238" hits="1"/>
						<line number="240" hits="1"/>
						<line number="241" hits="1"/>
						<line number="244" hits="1"/>
						<line number="246" hits="1"/>
						<line number="248" hits="1"/>
						<line number="249" hits="1"/>
						<line number="253" hits="1"/>
						<line number="254" hits="1"/>
						<line number="255" hits="1"/>
						<line number="256" hits="1"/>
						<line number="257" hits="1"/>
						<line number="258" hits="1"/>
						<line number="259" hits="1"/>
						<line number="260" hits="1"/>
						<line number="262" hits="1"/>
						<line number="263" hits="1"/>
						<line number="265" hits="1"/>
						<line number="267" hits="0"/>
						<line number="269" hits="1"/>
						<line number="270" hits="1"/>
						<line number="271" hits="1"/>
						<line number="272" hits="1"/>
						<line number="273" hits="1"/>
						<line number="274" hits="1"/>
					</lines>
				</class>
				<class name="frontier.py" filename="cla/frontier.py" complexity="0" line-rate="0.9655" branch-rate="0">
					<methods/>
					<lines>
						<line number="2" hits="1"/>
						<line number="5" hits="1"/>
						<line number="7" hits="1"/>
						<line number="8" hits="1"/>
						<line number="10" hits="1"/>
						<line number="11" hits="1"/>
						<line number="13" hits="1"/>
						<line number="16" hits="1"/>
						<line number="17" hits="1"/>
						<line number="22" hits="1"/>
						<line number="24" hits="1"/>
						<line number="26" hits="1"/>
						<line number="29" hits="1"/>
						<line number="33" hits="1"/>
						<line number="34" hits="1"/>
						<line number="43" hits="1"/>
						<line number="45" hits="1"/>
						<line number="55" hits="1"/>
						<line number="57" hits="1"/>
						<line number="67" hits="1"/>
						<line number="70" hits="1"/>
						<line number="71" hits="1"/>
						<line number="76" hits="1"/>
						<line number="77" hits="1"/>
						<line number="78" hits="1"/>
						<line number="80" hits="1"/>
						<line number="81" hits="1"/>
						<line number="94" hits="1"/>
						<line number="101" hits="1"/>
						<line number="104" hits="1"/>
						<line number="106" hits="1"/>
						<line number="116" hits="1"/>
						<line number="117" hits="1"/>
						<line number="118" hits="1"/>
						<line number="119" hits="1"/>
						<line number="120" hits="1"/>
						<line number="124" hits="1"/>
						<line number="125" hits="1"/>
						<line number="127" hits="1"/>
						<line number="131" hits="1"/>
						<line number="132" hits="1"/>
						<line number="134" hits="1"/>
						<line number="135" hits="1"/>
						<line number="139" hits="1"/>
						<line number="141" hits="1"/>
						<line number="142" hits="1"/>
						<line number="146" hits="1"/>
						<line number="148" hits="1"/>
						<line number="149" hits="1"/>
						<line number="153" hits="1"/>
						<line number="155" hits="1"/>
						<line number="156" hits="1"/>
						<line number="160" hits="1"/>
						<line number="162" hits="1"/>
						<line number="163" hits="1"/>
						<line number="167" hits="1"/>
						<line number="169" hits="1"/>
						<line number="170" hits="1"/>
						<line number="174" hits="1"/>
						<line number="176" hits="1"/>
						<line number="177" hits="1"/>
						<line number="185" hits="1"/>
						<line number="187" hits="1"/>
						<line number="189" hits="1"/>
						<line number="190" hits="1"/>
						<line number="191" hits="1"/>
						<line number="193" hits="1"/>
						<line number="196" hits="1"/>
						<line number="198" hits="1"/>
						<line number="199" hits="1"/>
						<line number="202" hits="1"/>
						<line number="203" hits="1"/>
						<line number="209" hits="1"/>
						<line number="210" hits="1"/>
						<line number="213" hits="1"/>
						<line number="215" hits="0"/>
						<line number="216" hits="0"/>
						<line number="218" hits="1"/>
						<line number="219" hits="1"/>
						<line number="225" hits="1"/>
						<line number="226" hits="1"/>
						<line number="229" hits="1"/>
						<line number="231" hits="1"/>
						<line number="232" hits="1"/>
						<line number="234" hits="1"/>
						<line number="235" hits="0"/>
						<line number="237" hits="1"/>
					</lines>
				</class>
			</classes>
		</package>
	</packages>
</coverage>
