SF:cvx/cla/__init__.py
DA:26,1
LF:1
LH:1
end_of_record
SF:cvx/cla/claux.py
DA:22,1
DA:23,1
DA:24,1
DA:26,1
DA:27,1
DA:29,1
DA:30,1
DA:33,1
DA:34,1
DA:53,1
DA:54,1
DA:55,1
DA:56,1
DA:57,1
DA:58,1
DA:59,1
DA:60,1
DA:61,1
DA:63,1
DA:70,1
DA:72,1
DA:82,1
DA:87,1
DA:89,1
DA:103,1
DA:105,1
DA:106,1
DA:107,1
DA:109,1
DA:111,1
DA:112,1
DA:123,1
LF:32
LH:32
FN:63,70,CLAUX.__len__
FNDA:1,CLAUX.__len__
FN:72,87,CLAUX._first_turning_point
FNDA:1,CLAUX._first_turning_point
FN:89,109,CLAUX._append
FNDA:1,CLAUX._append
FN:112,127,CLAUX.frontier
FNDA:1,CLAUX.frontier
FNF:4
FNH:4
end_of_record
SF:cvx/cla/first.py
DA:22,1
DA:24,1
DA:25,1
DA:26,1
DA:28,1
DA:32,1
DA:53,1
DA:54,1
DA:57,1
DA:58,1
DA:62,1
DA:63,1
DA:64,1
DA:65,1
DA:66,1
DA:70,1
DA:72,1
DA:75,1
DA:78,1
DA:114,1
DA:115,1
DA:117,1
DA:118,1
DA:126,1
DA:128,1
DA:129,1
DA:137,1
DA:138,1
DA:140,1
DA:141,1
DA:147,1
DA:162,1
DA:164,1
DA:167,1
DA:186,1
DA:189,1
DA:192,1
DA:193,1
DA:194,1
LF:39
LH:39
FN:32,75,init_algo
FNDA:1,init_algo
FN:78,164,init_algo_lp
FNDA:1,init_algo_lp
FN:167,194,_free
FNDA:1,_free
FNF:3
FNH:3
end_of_record
SF:cvx/cla/markowitz/__init__.py
end_of_record
SF:cvx/cla/markowitz/cla.py
DA:23,1
DA:25,1
DA:26,1
DA:28,1
DA:29,1
DA:32,1
DA:33,1
DA:57,1
DA:74,1
DA:75,1
DA:78,1
DA:79,1
DA:82,1
DA:83,1
DA:85,1
DA:87,1
DA:88,1
DA:90,1
DA:91,1
DA:94,1
DA:95,1
DA:98,1
DA:99,1
DA:101,1
DA:102,1
DA:104,1
DA:105,1
DA:107,1
DA:108,1
DA:110,1
DA:112,1
DA:114,1
DA:116,1
DA:117,1
DA:120,1
DA:122,1
DA:123,1
DA:126,1
DA:127,1
DA:130,1
DA:131,1
DA:134,1
DA:135,1
DA:138,1
DA:139,1
DA:143,1
DA:144,1
DA:146,1
DA:149,1
DA:151,1
DA:152,1
DA:153,1
DA:155,1
DA:158,1
DA:161,1
DA:163,1
DA:165,1
DA:166,1
DA:185,1
DA:186,1
DA:187,1
DA:190,1
DA:193,1
DA:196,1
DA:199,1
LF:65
LH:65
FN:57,163,CLA.__post_init__
FNDA:1,CLA.__post_init__
FN:166,199,CLA._solve
FNDA:1,CLA._solve
FNF:2
FNH:2
end_of_record
SF:cvx/cla/plot.py
DA:23,1
DA:24,1
DA:27,1
DA:30,1
DA:46,1
DA:47,1
DA:54,1
DA:60,1
LF:8
LH:8
FN:30,60,plot_frontier
FNDA:1,plot_frontier
FNF:1
FNH:1
end_of_record
SF:cvx/cla/types.py
DA:25,1
DA:27,1
DA:28,1
DA:30,1
DA:31,1
DA:32,1
DA:34,1
DA:35,0
DA:38,1
DA:39,1
DA:50,1
DA:52,1
DA:63,1
DA:65,1
DA:75,1
DA:77,1
DA:87,1
DA:90,1
DA:91,1
DA:97,1
DA:98,1
DA:100,1
DA:101,1
DA:105,1
DA:107,1
DA:108,1
DA:112,1
DA:115,1
DA:116,1
DA:121,1
DA:122,1
DA:123,1
DA:125,1
DA:141,1
DA:142,1
DA:143,1
DA:144,1
DA:145,1
DA:147,1
DA:148,1
DA:150,1
DA:154,1
DA:156,1
DA:160,1
DA:162,1
DA:163,1
DA:167,1
DA:169,1
DA:170,1
DA:174,1
DA:176,1
DA:177,1
DA:181,1
DA:183,1
DA:184,1
DA:188,1
DA:190,1
DA:191,1
DA:195,1
DA:197,1
DA:198,1
DA:206,1
DA:208,1
DA:210,1
DA:211,1
DA:212,1
DA:214,1
DA:217,1
DA:220,1
DA:221,1
DA:225,1
DA:226,1
DA:232,1
DA:233,1
DA:234,1
DA:236,1
DA:237,1
DA:239,1
DA:240,1
DA:246,1
DA:247,1
DA:248,1
DA:250,1
DA:251,1
DA:253,1
DA:254,1
DA:256,1
DA:258,1
DA:273,1
DA:275,1
LF:90
LH:89
FN:52,63,FrontierPoint.__post_init__
FNDA:1,FrontierPoint.__post_init__
FN:65,75,FrontierPoint.mean
FNDA:1,FrontierPoint.mean
FN:77,87,FrontierPoint.variance
FNDA:1,FrontierPoint.variance
FN:101,105,TurningPoint.free_indices
FNDA:1,TurningPoint.free_indices
FN:108,112,TurningPoint.blocked_indices
FNDA:1,TurningPoint.blocked_indices
FN:125,148,Frontier.interpolate
FNDA:1,Frontier.interpolate
FN:141,145,Frontier.interpolate._interpolate
FNDA:1,Frontier.interpolate._interpolate
FN:150,154,Frontier.__iter__
FNDA:1,Frontier.__iter__
FN:156,160,Frontier.__len__
FNDA:1,Frontier.__len__
FN:163,167,Frontier.weights
FNDA:1,Frontier.weights
FN:170,174,Frontier.returns
FNDA:1,Frontier.returns
FN:177,181,Frontier.variance
FNDA:1,Frontier.variance
FN:184,188,Frontier.sharpe_ratio
FNDA:1,Frontier.sharpe_ratio
FN:191,195,Frontier.volatility
FNDA:1,Frontier.volatility
FN:198,256,Frontier.max_sharpe
FNDA:1,Frontier.max_sharpe
FN:206,212,Frontier.max_sharpe.neg_sharpe
FNDA:1,Frontier.max_sharpe.neg_sharpe
FN:258,275,Frontier.plot
FNDA:1,Frontier.plot
FNF:17
FNH:17
end_of_record
