{"meta": {"format": 3, "version": "7.8.0", "timestamp": "2025-05-26T12:45:04.460436", "branch_coverage": false, "show_contexts": false}, "files": {"cvx/cla/__init__.py": {"executed_lines": [14, 26], "summary": {"covered_lines": 1, "num_statements": 1, "percent_covered": 100.0, "percent_covered_display": "100", "missing_lines": 0, "excluded_lines": 0}, "missing_lines": [], "excluded_lines": [], "functions": {"": {"executed_lines": [14, 26], "summary": {"covered_lines": 1, "num_statements": 1, "percent_covered": 100.0, "percent_covered_display": "100", "missing_lines": 0, "excluded_lines": 0}, "missing_lines": [], "excluded_lines": []}}, "classes": {"": {"executed_lines": [14, 26], "summary": {"covered_lines": 1, "num_statements": 1, "percent_covered": 100.0, "percent_covered_display": "100", "missing_lines": 0, "excluded_lines": 0}, "missing_lines": [], "excluded_lines": []}}}, "cvx/cla/claux.py": {"executed_lines": [14, 22, 23, 24, 26, 27, 29, 30, 33, 34, 35, 53, 54, 55, 56, 57, 58, 59, 60, 61, 63, 70, 72, 82, 87, 89, 103, 105, 106, 107, 109, 111, 112, 123], "summary": {"covered_lines": 32, "num_statements": 32, "percent_covered": 100.0, "percent_covered_display": "100", "missing_lines": 0, "excluded_lines": 0}, "missing_lines": [], "excluded_lines": [], "functions": {"CLAUX.__len__": {"executed_lines": [70], "summary": {"covered_lines": 1, "num_statements": 1, "percent_covered": 100.0, "percent_covered_display": "100", "missing_lines": 0, "excluded_lines": 0}, "missing_lines": [], "excluded_lines": []}, "CLAUX._first_turning_point": {"executed_lines": [82, 87], "summary": {"covered_lines": 2, "num_statements": 2, "percent_covered": 100.0, "percent_covered_display": "100", "missing_lines": 0, "excluded_lines": 0}, "missing_lines": [], "excluded_lines": []}, "CLAUX._append": {"executed_lines": [103, 105, 106, 107, 109], "summary": {"covered_lines": 5, "num_statements": 5, "percent_covered": 100.0, "percent_covered_display": "100", "missing_lines": 0, "excluded_lines": 0}, "missing_lines": [], "excluded_lines": []}, "CLAUX.frontier": {"executed_lines": [123], "summary": {"covered_lines": 1, "num_statements": 1, "percent_covered": 100.0, "percent_covered_display": "100", "missing_lines": 0, "excluded_lines": 0}, "missing_lines": [], "excluded_lines": []}, "": {"executed_lines": [14, 22, 23, 24, 26, 27, 29, 30, 33, 34, 35, 53, 54, 55, 56, 57, 58, 59, 60, 61, 63, 72, 89, 111, 112], "summary": {"covered_lines": 23, "num_statements": 23, "percent_covered": 100.0, "percent_covered_display": "100", "missing_lines": 0, "excluded_lines": 0}, "missing_lines": [], "excluded_lines": []}}, "classes": {"CLAUX": {"executed_lines": [70, 82, 87, 103, 105, 106, 107, 109, 123], "summary": {"covered_lines": 9, "num_statements": 9, "percent_covered": 100.0, "percent_covered_display": "100", "missing_lines": 0, "excluded_lines": 0}, "missing_lines": [], "excluded_lines": []}, "": {"executed_lines": [14, 22, 23, 24, 26, 27, 29, 30, 33, 34, 35, 53, 54, 55, 56, 57, 58, 59, 60, 61, 63, 72, 89, 111, 112], "summary": {"covered_lines": 23, "num_statements": 23, "percent_covered": 100.0, "percent_covered_display": "100", "missing_lines": 0, "excluded_lines": 0}, "missing_lines": [], "excluded_lines": []}}}, "cvx/cla/first.py": {"executed_lines": [14, 22, 24, 25, 26, 28, 32, 53, 54, 57, 58, 62, 63, 64, 65, 66, 70, 72, 75, 78, 114, 115, 117, 118, 126, 128, 129, 137, 138, 140, 141, 147, 162, 164, 167, 186, 189, 192, 193, 194], "summary": {"covered_lines": 39, "num_statements": 39, "percent_covered": 100.0, "percent_covered_display": "100", "missing_lines": 0, "excluded_lines": 0}, "missing_lines": [], "excluded_lines": [], "functions": {"init_algo": {"executed_lines": [53, 54, 57, 58, 62, 63, 64, 65, 66, 70, 72, 75], "summary": {"covered_lines": 12, "num_statements": 12, "percent_covered": 100.0, "percent_covered_display": "100", "missing_lines": 0, "excluded_lines": 0}, "missing_lines": [], "excluded_lines": []}, "init_algo_lp": {"executed_lines": [114, 115, 117, 118, 126, 128, 129, 137, 138, 140, 141, 147, 162, 164], "summary": {"covered_lines": 14, "num_statements": 14, "percent_covered": 100.0, "percent_covered_display": "100", "missing_lines": 0, "excluded_lines": 0}, "missing_lines": [], "excluded_lines": []}, "_free": {"executed_lines": [186, 189, 192, 193, 194], "summary": {"covered_lines": 5, "num_statements": 5, "percent_covered": 100.0, "percent_covered_display": "100", "missing_lines": 0, "excluded_lines": 0}, "missing_lines": [], "excluded_lines": []}, "": {"executed_lines": [14, 22, 24, 25, 26, 28, 32, 78, 167], "summary": {"covered_lines": 8, "num_statements": 8, "percent_covered": 100.0, "percent_covered_display": "100", "missing_lines": 0, "excluded_lines": 0}, "missing_lines": [], "excluded_lines": []}}, "classes": {"": {"executed_lines": [14, 22, 24, 25, 26, 28, 32, 53, 54, 57, 58, 62, 63, 64, 65, 66, 70, 72, 75, 78, 114, 115, 117, 118, 126, 128, 129, 137, 138, 140, 141, 147, 162, 164, 167, 186, 189, 192, 193, 194], "summary": {"covered_lines": 39, "num_statements": 39, "percent_covered": 100.0, "percent_covered_display": "100", "missing_lines": 0, "excluded_lines": 0}, "missing_lines": [], "excluded_lines": []}}}, "cvx/cla/markowitz/__init__.py": {"executed_lines": [14], "summary": {"covered_lines": 0, "num_statements": 0, "percent_covered": 100.0, "percent_covered_display": "100", "missing_lines": 0, "excluded_lines": 0}, "missing_lines": [], "excluded_lines": [], "functions": {"": {"executed_lines": [14], "summary": {"covered_lines": 0, "num_statements": 0, "percent_covered": 100.0, "percent_covered_display": "100", "missing_lines": 0, "excluded_lines": 0}, "missing_lines": [], "excluded_lines": []}}, "classes": {"": {"executed_lines": [14], "summary": {"covered_lines": 0, "num_statements": 0, "percent_covered": 100.0, "percent_covered_display": "100", "missing_lines": 0, "excluded_lines": 0}, "missing_lines": [], "excluded_lines": []}}}, "cvx/cla/markowitz/cla.py": {"executed_lines": [14, 23, 25, 26, 28, 29, 32, 33, 34, 57, 74, 75, 78, 79, 82, 83, 85, 87, 88, 90, 91, 94, 95, 98, 99, 101, 102, 104, 105, 107, 108, 110, 112, 114, 116, 117, 120, 122, 123, 126, 127, 130, 131, 134, 135, 138, 139, 143, 144, 146, 149, 151, 152, 153, 155, 158, 161, 163, 165, 166, 185, 186, 187, 190, 193, 196, 199], "summary": {"covered_lines": 65, "num_statements": 65, "percent_covered": 100.0, "percent_covered_display": "100", "missing_lines": 0, "excluded_lines": 0}, "missing_lines": [], "excluded_lines": [], "functions": {"CLA.__post_init__": {"executed_lines": [74, 75, 78, 79, 82, 83, 85, 87, 88, 90, 91, 94, 95, 98, 99, 101, 102, 104, 105, 107, 108, 110, 112, 114, 116, 117, 120, 122, 123, 126, 127, 130, 131, 134, 135, 138, 139, 143, 144, 146, 149, 151, 152, 153, 155, 158, 161, 163], "summary": {"covered_lines": 48, "num_statements": 48, "percent_covered": 100.0, "percent_covered_display": "100", "missing_lines": 0, "excluded_lines": 0}, "missing_lines": [], "excluded_lines": []}, "CLA._solve": {"executed_lines": [185, 186, 187, 190, 193, 196, 199], "summary": {"covered_lines": 7, "num_statements": 7, "percent_covered": 100.0, "percent_covered_display": "100", "missing_lines": 0, "excluded_lines": 0}, "missing_lines": [], "excluded_lines": []}, "": {"executed_lines": [14, 23, 25, 26, 28, 29, 32, 33, 34, 57, 165, 166], "summary": {"covered_lines": 10, "num_statements": 10, "percent_covered": 100.0, "percent_covered_display": "100", "missing_lines": 0, "excluded_lines": 0}, "missing_lines": [], "excluded_lines": []}}, "classes": {"CLA": {"executed_lines": [74, 75, 78, 79, 82, 83, 85, 87, 88, 90, 91, 94, 95, 98, 99, 101, 102, 104, 105, 107, 108, 110, 112, 114, 116, 117, 120, 122, 123, 126, 127, 130, 131, 134, 135, 138, 139, 143, 144, 146, 149, 151, 152, 153, 155, 158, 161, 163, 185, 186, 187, 190, 193, 196, 199], "summary": {"covered_lines": 55, "num_statements": 55, "percent_covered": 100.0, "percent_covered_display": "100", "missing_lines": 0, "excluded_lines": 0}, "missing_lines": [], "excluded_lines": []}, "": {"executed_lines": [14, 23, 25, 26, 28, 29, 32, 33, 34, 57, 165, 166], "summary": {"covered_lines": 10, "num_statements": 10, "percent_covered": 100.0, "percent_covered_display": "100", "missing_lines": 0, "excluded_lines": 0}, "missing_lines": [], "excluded_lines": []}}}, "cvx/cla/plot.py": {"executed_lines": [14, 23, 24, 27, 30, 46, 47, 54, 60], "summary": {"covered_lines": 8, "num_statements": 8, "percent_covered": 100.0, "percent_covered_display": "100", "missing_lines": 0, "excluded_lines": 0}, "missing_lines": [], "excluded_lines": [], "functions": {"plot_frontier": {"executed_lines": [46, 47, 54, 60], "summary": {"covered_lines": 4, "num_statements": 4, "percent_covered": 100.0, "percent_covered_display": "100", "missing_lines": 0, "excluded_lines": 0}, "missing_lines": [], "excluded_lines": []}, "": {"executed_lines": [14, 23, 24, 27, 30], "summary": {"covered_lines": 4, "num_statements": 4, "percent_covered": 100.0, "percent_covered_display": "100", "missing_lines": 0, "excluded_lines": 0}, "missing_lines": [], "excluded_lines": []}}, "classes": {"": {"executed_lines": [14, 23, 24, 27, 30, 46, 47, 54, 60], "summary": {"covered_lines": 8, "num_statements": 8, "percent_covered": 100.0, "percent_covered_display": "100", "missing_lines": 0, "excluded_lines": 0}, "missing_lines": [], "excluded_lines": []}}}, "cvx/cla/types.py": {"executed_lines": [14, 25, 27, 28, 30, 31, 32, 34, 38, 39, 40, 50, 52, 63, 65, 75, 77, 87, 90, 91, 92, 97, 98, 100, 101, 105, 107, 108, 112, 115, 116, 117, 121, 122, 123, 125, 141, 142, 143, 144, 145, 147, 148, 150, 154, 156, 160, 162, 163, 167, 169, 170, 174, 176, 177, 181, 183, 184, 188, 190, 191, 195, 197, 198, 206, 208, 210, 211, 212, 214, 217, 220, 221, 225, 226, 232, 233, 234, 236, 237, 239, 240, 246, 247, 248, 250, 251, 253, 254, 256, 258, 273, 275], "summary": {"covered_lines": 89, "num_statements": 90, "percent_covered": 98.88888888888889, "percent_covered_display": "99", "missing_lines": 1, "excluded_lines": 0}, "missing_lines": [35], "excluded_lines": [], "functions": {"FrontierPoint.__post_init__": {"executed_lines": [63], "summary": {"covered_lines": 1, "num_statements": 1, "percent_covered": 100.0, "percent_covered_display": "100", "missing_lines": 0, "excluded_lines": 0}, "missing_lines": [], "excluded_lines": []}, "FrontierPoint.mean": {"executed_lines": [75], "summary": {"covered_lines": 1, "num_statements": 1, "percent_covered": 100.0, "percent_covered_display": "100", "missing_lines": 0, "excluded_lines": 0}, "missing_lines": [], "excluded_lines": []}, "FrontierPoint.variance": {"executed_lines": [87], "summary": {"covered_lines": 1, "num_statements": 1, "percent_covered": 100.0, "percent_covered_display": "100", "missing_lines": 0, "excluded_lines": 0}, "missing_lines": [], "excluded_lines": []}, "TurningPoint.free_indices": {"executed_lines": [105], "summary": {"covered_lines": 1, "num_statements": 1, "percent_covered": 100.0, "percent_covered_display": "100", "missing_lines": 0, "excluded_lines": 0}, "missing_lines": [], "excluded_lines": []}, "TurningPoint.blocked_indices": {"executed_lines": [112], "summary": {"covered_lines": 1, "num_statements": 1, "percent_covered": 100.0, "percent_covered_display": "100", "missing_lines": 0, "excluded_lines": 0}, "missing_lines": [], "excluded_lines": []}, "Frontier.interpolate": {"executed_lines": [141, 147, 148], "summary": {"covered_lines": 3, "num_statements": 3, "percent_covered": 100.0, "percent_covered_display": "100", "missing_lines": 0, "excluded_lines": 0}, "missing_lines": [], "excluded_lines": []}, "Frontier.interpolate._interpolate": {"executed_lines": [142, 143, 144, 145], "summary": {"covered_lines": 4, "num_statements": 4, "percent_covered": 100.0, "percent_covered_display": "100", "missing_lines": 0, "excluded_lines": 0}, "missing_lines": [], "excluded_lines": []}, "Frontier.__iter__": {"executed_lines": [154], "summary": {"covered_lines": 1, "num_statements": 1, "percent_covered": 100.0, "percent_covered_display": "100", "missing_lines": 0, "excluded_lines": 0}, "missing_lines": [], "excluded_lines": []}, "Frontier.__len__": {"executed_lines": [160], "summary": {"covered_lines": 1, "num_statements": 1, "percent_covered": 100.0, "percent_covered_display": "100", "missing_lines": 0, "excluded_lines": 0}, "missing_lines": [], "excluded_lines": []}, "Frontier.weights": {"executed_lines": [167], "summary": {"covered_lines": 1, "num_statements": 1, "percent_covered": 100.0, "percent_covered_display": "100", "missing_lines": 0, "excluded_lines": 0}, "missing_lines": [], "excluded_lines": []}, "Frontier.returns": {"executed_lines": [174], "summary": {"covered_lines": 1, "num_statements": 1, "percent_covered": 100.0, "percent_covered_display": "100", "missing_lines": 0, "excluded_lines": 0}, "missing_lines": [], "excluded_lines": []}, "Frontier.variance": {"executed_lines": [181], "summary": {"covered_lines": 1, "num_statements": 1, "percent_covered": 100.0, "percent_covered_display": "100", "missing_lines": 0, "excluded_lines": 0}, "missing_lines": [], "excluded_lines": []}, "Frontier.sharpe_ratio": {"executed_lines": [188], "summary": {"covered_lines": 1, "num_statements": 1, "percent_covered": 100.0, "percent_covered_display": "100", "missing_lines": 0, "excluded_lines": 0}, "missing_lines": [], "excluded_lines": []}, "Frontier.volatility": {"executed_lines": [195], "summary": {"covered_lines": 1, "num_statements": 1, "percent_covered": 100.0, "percent_covered_display": "100", "missing_lines": 0, "excluded_lines": 0}, "missing_lines": [], "excluded_lines": []}, "Frontier.max_sharpe": {"executed_lines": [206, 214, 217, 220, 221, 225, 226, 232, 233, 234, 236, 237, 239, 240, 246, 247, 248, 250, 251, 253, 254, 256], "summary": {"covered_lines": 22, "num_statements": 22, "percent_covered": 100.0, "percent_covered_display": "100", "missing_lines": 0, "excluded_lines": 0}, "missing_lines": [], "excluded_lines": []}, "Frontier.max_sharpe.neg_sharpe": {"executed_lines": [208, 210, 211, 212], "summary": {"covered_lines": 4, "num_statements": 4, "percent_covered": 100.0, "percent_covered_display": "100", "missing_lines": 0, "excluded_lines": 0}, "missing_lines": [], "excluded_lines": []}, "Frontier.plot": {"executed_lines": [273, 275], "summary": {"covered_lines": 2, "num_statements": 2, "percent_covered": 100.0, "percent_covered_display": "100", "missing_lines": 0, "excluded_lines": 0}, "missing_lines": [], "excluded_lines": []}, "": {"executed_lines": [14, 25, 27, 28, 30, 31, 32, 34, 38, 39, 40, 50, 52, 65, 77, 90, 91, 92, 97, 98, 100, 101, 107, 108, 115, 116, 117, 121, 122, 123, 125, 150, 156, 162, 163, 169, 170, 176, 177, 183, 184, 190, 191, 197, 198, 258], "summary": {"covered_lines": 42, "num_statements": 43, "percent_covered": 97.67441860465117, "percent_covered_display": "98", "missing_lines": 1, "excluded_lines": 0}, "missing_lines": [35], "excluded_lines": []}}, "classes": {"FrontierPoint": {"executed_lines": [63, 75, 87], "summary": {"covered_lines": 3, "num_statements": 3, "percent_covered": 100.0, "percent_covered_display": "100", "missing_lines": 0, "excluded_lines": 0}, "missing_lines": [], "excluded_lines": []}, "TurningPoint": {"executed_lines": [105, 112], "summary": {"covered_lines": 2, "num_statements": 2, "percent_covered": 100.0, "percent_covered_display": "100", "missing_lines": 0, "excluded_lines": 0}, "missing_lines": [], "excluded_lines": []}, "Frontier": {"executed_lines": [141, 142, 143, 144, 145, 147, 148, 154, 160, 167, 174, 181, 188, 195, 206, 208, 210, 211, 212, 214, 217, 220, 221, 225, 226, 232, 233, 234, 236, 237, 239, 240, 246, 247, 248, 250, 251, 253, 254, 256, 273, 275], "summary": {"covered_lines": 42, "num_statements": 42, "percent_covered": 100.0, "percent_covered_display": "100", "missing_lines": 0, "excluded_lines": 0}, "missing_lines": [], "excluded_lines": []}, "": {"executed_lines": [14, 25, 27, 28, 30, 31, 32, 34, 38, 39, 40, 50, 52, 65, 77, 90, 91, 92, 97, 98, 100, 101, 107, 108, 115, 116, 117, 121, 122, 123, 125, 150, 156, 162, 163, 169, 170, 176, 177, 183, 184, 190, 191, 197, 198, 258], "summary": {"covered_lines": 42, "num_statements": 43, "percent_covered": 97.67441860465117, "percent_covered_display": "98", "missing_lines": 1, "excluded_lines": 0}, "missing_lines": [35], "excluded_lines": []}}}}, "totals": {"covered_lines": 234, "num_statements": 235, "percent_covered": 99.57446808510639, "percent_covered_display": "99", "missing_lines": 1, "excluded_lines": 0}}