{"meta": {"version": "7.3.1", "timestamp": "2023-10-02T14:32:05.848268", "branch_coverage": false, "show_contexts": false}, "files": {"cvx/cla/__init__.py": {"executed_lines": [1], "summary": {"covered_lines": 0, "num_statements": 0, "percent_covered": 100.0, "percent_covered_display": "100", "missing_lines": 0, "excluded_lines": 0}, "missing_lines": [], "excluded_lines": []}, "cvx/cla/claux.py": {"executed_lines": [14, 15, 16, 18, 19, 21, 22, 23, 26, 27, 28, 29, 30, 31, 32, 33, 34, 35, 36, 38, 39, 44, 46, 47, 48, 50, 51, 53, 56, 59, 61, 63, 64], "summary": {"covered_lines": 33, "num_statements": 33, "percent_covered": 100.0, "percent_covered_display": "100", "missing_lines": 0, "excluded_lines": 0}, "missing_lines": [], "excluded_lines": []}, "cvx/cla/first.py": {"executed_lines": [14, 16, 18, 21, 40, 41, 44, 45, 49, 50, 53, 54, 55, 57, 59, 62], "summary": {"covered_lines": 16, "num_statements": 16, "percent_covered": 100.0, "percent_covered_display": "100", "missing_lines": 0, "excluded_lines": 0}, "missing_lines": [], "excluded_lines": []}, "cvx/cla/frontier.py": {"executed_lines": [14, 17, 19, 21, 22, 24, 27, 28, 29, 33, 35, 37, 42, 52, 54, 64, 67, 68, 69, 73, 74, 75, 76, 78, 88, 89, 90, 91, 92, 96, 97, 99, 103, 105, 106, 108, 109, 113, 115, 116, 120, 122, 123, 127, 129, 130, 134, 136, 137, 141, 143, 144, 152, 154, 156, 157, 158, 160, 163, 166, 167, 171, 172, 178, 179, 182, 187, 188, 194, 195, 198, 200, 201, 203, 204, 206], "summary": {"covered_lines": 74, "num_statements": 76, "percent_covered": 97.36842105263158, "percent_covered_display": "97", "missing_lines": 2, "excluded_lines": 0}, "missing_lines": [184, 185], "excluded_lines": []}, "cvx/cla/markowitz/__init__.py": {"executed_lines": [1], "summary": {"covered_lines": 0, "num_statements": 0, "percent_covered": 100.0, "percent_covered_display": "100", "missing_lines": 0, "excluded_lines": 0}, "missing_lines": [], "excluded_lines": []}, "cvx/cla/markowitz/cla.py": {"executed_lines": [14, 16, 18, 19, 22, 23, 24, 25, 27, 28, 30, 31, 34, 35, 36, 37, 39, 40, 43, 44, 47, 48, 51, 53, 54, 56, 57, 61, 62, 65, 66, 68, 69, 71, 72, 74, 75, 77, 79, 83, 85, 86, 89, 91, 92, 95, 96, 99, 100, 103, 104, 107, 108, 112, 113, 115, 118, 120, 121, 122, 124, 127, 130, 132], "summary": {"covered_lines": 64, "num_statements": 64, "percent_covered": 100.0, "percent_covered_display": "100", "missing_lines": 0, "excluded_lines": 0}, "missing_lines": [], "excluded_lines": []}, "cvx/cla/plotting.py": {"executed_lines": [14, 16, 18, 21, 23, 26, 28, 34, 37, 44], "summary": {"covered_lines": 10, "num_statements": 10, "percent_covered": 100.0, "percent_covered_display": "100", "missing_lines": 0, "excluded_lines": 0}, "missing_lines": [], "excluded_lines": []}, "cvx/cla/types.py": {"executed_lines": [14, 17, 19, 21, 22, 23, 25, 26, 29, 30, 31, 32, 33, 35, 36, 37, 39, 40, 41, 43, 44, 46, 47], "summary": {"covered_lines": 23, "num_statements": 23, "percent_covered": 100.0, "percent_covered_display": "100", "missing_lines": 0, "excluded_lines": 0}, "missing_lines": [], "excluded_lines": []}}, "totals": {"covered_lines": 220, "num_statements": 222, "percent_covered": 99.09909909909909, "percent_covered_display": "99", "missing_lines": 2, "excluded_lines": 0}}