TN:
SF:cvx/cla/__init__.py
DA:14,1,Ql+Jjpo2rEAX/5hilWIpjQ
LF:1
LH:1
end_of_record
TN:
SF:cvx/cla/bailey/__init__.py
DA:1,1,QaluMreCMOM8hy1jdTbH1A
LF:0
LH:0
end_of_record
TN:
SF:cvx/cla/bailey/cla.py
DA:14,1,7HpIEQVf5K0efdTzo05mJg
DA:16,1,IWWjrCeOtk8NNtrE95++2g
DA:17,1,n/Bn8OsypyQXJHcvg/Edqw
DA:19,1,WpLSprSYFS5yZsEF2bNYFw
DA:20,1,INY6njAz1SaqWddKZeKGzg
DA:23,1,/S8d/HVFLOL/gTU2e/TkhA
DA:24,1,nW+2H8DwesDcifh6Mga3ZA
DA:25,1,mHdZKLuZrY3JDPOeQHLV4Q
DA:27,1,8ObTCE76uzPUFRdjGgiSqQ
DA:29,1,FI3Uf7/WSjSy4vugWPDo9w
DA:30,1,YGgjgfCYDuCYUEzFqBTC4Q
DA:33,1,5wPSHp9THRlUhyiNxh/3dg
DA:36,1,KDtKWk9L4B6f8um8pv8HGQ
DA:37,1,uNf33ZhFZjdrYOS8sKJNCw
DA:44,1,eEWP2CqoSIbqprYFwcuXYQ
DA:46,1,Zj/tifdwOmTm+RuY2xDqxA
DA:48,1,XCTQAw8uVh3+/5UUkRBaAw
DA:53,1,5zenEdkMFYJDuNxziK1UYg
DA:54,1,ofFC8KIjIOe68wcasUX3/g
DA:57,1,uOCOebJ05VD9yfmCZiSF2Q
DA:59,1,d/lCt/DK3FqikM+I1BOkMQ
DA:60,1,0UIWG6sxCsf3oGJE6pNK7A
DA:61,1,R6qE0EoXA+YBB2MpNT8k6g
DA:63,1,uNf33ZhFZjdrYOS8sKJNCw
DA:71,1,EHEG7gM+IKOErE17w/PkzQ
DA:73,1,R0X5JboHR54zq/6zGCynyQ
DA:78,1,QGL0FzSdAuB9CavUJjEpCw
DA:79,1,m4j1x8JN68lVDeyF1WL0gw
DA:81,1,oP3T6x1HB73MzMkkjzoI6g
DA:83,1,p2YwohVA013DdhBIP2fnWg
DA:85,1,gkOZHOBTrPhnd1DnOrxFcA
DA:86,1,AKtF6/GBOgrObaoua3cvPg
DA:87,1,TjHFQhacsaLzHFSrN1rJcA
DA:88,1,dKm1WtwcA4i4tnDWY88FXw
DA:89,1,/J5rHOdodGsFgbrRwzR4cQ
DA:91,1,zcnN1vGvuN+sXc5R/fwWkg
DA:92,1,4UgrzptdmiuAG36AidLTZg
DA:93,1,fadrSpPkbNXdvsnQN9HZzg
DA:94,1,sF4Yk1DRrr+64Qj2WtOKfg
DA:96,1,fEq/b+bgXnK0rFZQ6Dir1g
DA:97,1,EIqMME9i3c1Q2ATkQLv6eA
DA:99,1,pOJwuGdEbe7GLbMcySd1QA
DA:101,1,NXcJ2+7CtbrVK04nSwMKYA
DA:108,1,ccejzr4LdPMQ/eh7lfOtWw
DA:109,1,1KXBSiGJaPLBD04MA+2GDg
DA:112,1,fCYJ6pV0rn041hNGKqrk1g
DA:114,1,OK7wOCLe0WlWamgxRDz4Fw
DA:115,1,rAHpGloQk5Gp+2bFQGhHkA
DA:118,1,gY8esmyr3gtfth6hwFDnsQ
DA:119,1,Rq+N2kMUIhQwag8sSIA7tA
DA:120,1,TIHQNuGw/Q5ShsfOkI6qWQ
DA:123,1,9l4QAGHT3C/3zu9Fm6qlmw
DA:124,1,velqAnJQpWv4Hi1ExNML1w
DA:125,1,I4Uej840plwr7ciJyvDTQA
DA:132,1,SqbbvQqet5sfUcstkko75w
DA:133,1,woWqh1nNxyUsT4xrSh8qyQ
DA:134,1,as5hd6ozUvjPP0quyNnV+g
DA:135,1,Swrz2h1R6HlmHcSzNmuhLw
DA:136,1,qK35zFW9yvwAGCjQAhRKfg
DA:138,1,HmADa1g/W1C2Vo9Wm4sNNA
DA:139,1,9wc7GNj1AdaUTSiQwOUgUA
DA:140,1,+1ABj1euBYhU0U9GPP1Wug
DA:142,1,HmADa1g/W1C2Vo9Wm4sNNA
DA:143,1,5WC9BrNDy2hbvoFoRUVuqg
DA:144,1,JBKxmt77hmf9X+2GcZznSA
DA:146,1,HmADa1g/W1C2Vo9Wm4sNNA
DA:147,1,qherH8vgObRkM2KHa+pFSA
DA:148,1,JPRad9Cij/tnR0uceYC7vQ
DA:150,1,HmADa1g/W1C2Vo9Wm4sNNA
DA:151,1,uSnxoSDmMMvxezXvuwFxqw
DA:152,1,9uy7I/ag3Zd53t/AiW5Wmw
DA:154,1,HmADa1g/W1C2Vo9Wm4sNNA
DA:155,1,G3MkanKMc5DBoB5w1BZFow
DA:156,1,R6lugUy7MPbmFhSajZWvkw
DA:158,1,tFXvYC2ASyRhmTj2gzvFgw
DA:159,1,AhYaBGOM4KFSHL2/8mUtCQ
DA:160,1,9WROiUbq0E4ZVbdhh0jAKw
DA:161,1,PcFxiUhGvI8Z2j6KZBI3bg
DA:162,1,/1WDuDxE9c/pD0qba8xoPA
DA:164,1,PW6Qng2iS9OVHkHcN8n8dQ
DA:165,1,c0rsyOVfJGtJzCOlAMnyww
DA:166,1,uWaOM31C0jiPRPp60og7NA
DA:171,1,ahSVEcbSqC8MO7ULeGKC4A
DA:173,1,123rJyXmHcGgCcoJ+046OQ
DA:175,1,SU0TgGbq+oN9hKp+FDuVRw
DA:176,1,1cQTL2i3xEUcIPQNtLLySA
DA:178,1,VJoogzH0ivHphY9vKlDNGw
DA:179,1,Pm5Wm1QLU5rKafPfIPnXzw
DA:180,1,pEquAy3onWSUDJ3KVABCYA
DA:181,1,/NGxF7AFpGc1yUJfqVYy2g
DA:182,1,xTA9kGjWJhh0sbYe2Dc4UA
DA:184,1,WoK2/ZbcfSyVL+jU7ZgSZQ
DA:185,1,HbrN9/1lR8zPF6jbBzgA4A
DA:186,1,sbE6ysEx495hcPQYd/VJxQ
DA:188,1,SU0TgGbq+oN9hKp+FDuVRw
DA:189,1,0KLUYnPw03EPLH6V93LyCQ
DA:190,1,ZouY/x6+t0796IU9Yv9kgw
DA:192,1,88jsrsmrew7h61Z0sxzHBQ
DA:193,1,1C3pFfX1OEyT4GANHbSRQA
DA:194,1,XYzgGWqWJeWjZyAv9lLz9g
DA:195,1,cMED3rfoubgXu8QBad7u1A
DA:196,1,mKLOkFUAzvps6O2Y1Vfi4g
DA:198,1,O4wGfY8rjlyXpYt7qGJoow
DA:199,1,l/rMH70S7yhj254DKGw4Hw
DA:200,1,Cca3CMQGjScP++Ng8BJtDg
DA:202,1,86nVozj/ELnh8j+LRISmMg
DA:203,1,PVj7c7kbcTOGKyapsWhonQ
DA:204,1,wFArRrr9lr1lxrgvwKQzMw
DA:205,1,JEjKEsJKnbCEBHabB2xu9w
DA:206,1,tASix/z7soLXbKm5mPPLkw
LF:110
LH:110
end_of_record
TN:
SF:cvx/cla/claux.py
DA:14,1,Fgl+vbOUGcWRorxc5bC0Iw
DA:15,1,2f0ebDld2cxdzTWQEtxbGA
DA:16,1,GusTQ8rnslKGIeoIX1fGdQ
DA:18,1,4kGOxiio6TdNVt+k7QfyJA
DA:19,1,IWWjrCeOtk8NNtrE95++2g
DA:20,1,3EGyVZzu1HZJsl2PoL/McA
DA:22,1,LPyvBzQ+uGiIOEIQbwg/Qg
DA:23,1,UYHI5wS4GyBaJi3woh4tGw
DA:26,1,/S8d/HVFLOL/gTU2e/TkhA
DA:27,1,U/7dVEqANnLdAm5gKRXZ6A
DA:28,1,FUQ9kvlYCcLYuXYqSjJXSw
DA:29,1,kbbT3KAyst3emGloThCo2Q
DA:30,1,N2DjSSEdzunTo1QeNxDFsg
DA:31,1,DGPcCrHV+dEYY5GRLwCeRQ
DA:32,1,o+aSR+P5yWrdasMGCybaGA
DA:33,1,sn1uuyW0eYO8FKA7dC9dqQ
DA:34,1,ArfjXPBLGAc0gIdDehTAxA
DA:36,1,mHdZKLuZrY3JDPOeQHLV4Q
DA:39,1,uisK6F6mOlSK/xZKmJ/B4Q
DA:40,1,zI9o/X9nxXMqQOneG8W+QQ
DA:45,1,+lClDHQ0msloLmxomoesyA
DA:47,1,HmADa1g/W1C2Vo9Wm4sNNA
DA:48,1,VeuEMuP163kw9I1XOuiFHQ
DA:49,1,1LofKr7ff/TaAPlLcWkjMQ
DA:51,1,1VsnmB+adWaFg6cK13MN9Q
DA:52,1,sS25pqu/9lDLB2nj35qKMw
DA:54,1,bLsdOq6SuG6fAMn+MM1Q0A
DA:57,1,bLsdOq6SuG6fAMn+MM1Q0A
DA:60,1,ZEbu9D+xcOoeLWd/vu9E1w
DA:62,1,NLPfwOAyMdvU827rpUjz0A
DA:64,1,6biXJJZZHNFVBKrXAlpJsQ
DA:65,1,b5Qj9A00b06tGCs7LnuoKA
DA:67,1,ZmrJScq69kjqWeZZi2Udow
DA:68,1,0TpejZYNbr2b29C/Q2KBJg
DA:70,1,GCJmceM5LeIdpZfqLmCArQ
DA:37,0,JoAH4x0LEzw0I/XG2Yvwyg
LF:36
LH:35
end_of_record
TN:
SF:cvx/cla/first.py
DA:14,1,ydCxunymauVRdfWlNGpIBA
DA:16,1,IWWjrCeOtk8NNtrE95++2g
DA:18,1,UYHI5wS4GyBaJi3woh4tGw
DA:21,1,TCQOlNTQgnODnZbbG9aaXQ
DA:40,1,tBsIgUDTjSQYncSW4DLmRw
DA:41,1,J7+wqAy9yhP6I+KJdQxODg
DA:44,1,2KHfXPzu5rBvWLb3Qto+Qw
DA:45,1,W6KWEvKteXsEOiRUA9g6fQ
DA:49,1,GD1VQMqS6VGxWVCEsRH9eA
DA:50,1,GU7AsPTLbaqgSwH7c7lhEw
DA:53,1,AgCmnl+m1imgxQfq14+rBw
DA:54,1,trCUzZ9voBXILyTiYKQN5Q
DA:55,1,7a6iEiO6Zzu8yfez5LxOyQ
DA:57,1,089lo1BywABPiEyFuX/6Dg
DA:59,1,c0j7wObBam0B2+ESHtDuBA
DA:62,1,NRaxRzFD/7oprVywyBJqbA
LF:16
LH:16
end_of_record
TN:
SF:cvx/cla/frontier.py
DA:14,1,1+9wdnNK6ERHmSA06tdyPQ
DA:17,1,ydCxunymauVRdfWlNGpIBA
DA:19,1,7HpIEQVf5K0efdTzo05mJg
DA:21,1,IWWjrCeOtk8NNtrE95++2g
DA:22,1,h9IO+w2KqfEZ7W6zEQHvxQ
DA:24,1,wlEz5gtjljPnHZq+GRwWFg
DA:27,1,/S8d/HVFLOL/gTU2e/TkhA
DA:28,1,9PwcdtU4EvhEW4Eei9LSKA
DA:29,1,/ZvqiDY7XVzMiSFdpC6ZCg
DA:33,1,+5Ct/vezlMK4oPeJIfZGqw
DA:35,1,mHdZKLuZrY3JDPOeQHLV4Q
DA:37,1,bz7W82kQ/39wV/BkT+hqWQ
DA:42,1,IoexA3FKStlu5nv5to21Ww
DA:52,1,iAjNF6buheWgtpuWX4SKUw
DA:54,1,Wecw1qi3CTgVqKiiJ1/qNA
DA:64,1,d2E9oDig7yK+oNYBwNPGDw
DA:67,1,Z4PARvUIs3PqmEm+J9tRkQ
DA:68,1,cNyi24NOpz0w9T/bMqOt1Q
DA:77,1,de9xVc6ApaUVwiqmAKe40A
DA:78,1,b9fLYwpQoOPbL2JmOMXPSw
DA:81,1,/S8d/HVFLOL/gTU2e/TkhA
DA:82,1,keXZvP8toCpvEnljnOCzxA
DA:83,1,/ZvqiDY7XVzMiSFdpC6ZCg
DA:87,1,/bASKRO+OiqmrN5vNpjsXw
DA:88,1,FUQ9kvlYCcLYuXYqSjJXSw
DA:89,1,kbbT3KAyst3emGloThCo2Q
DA:90,1,uS3qV36Kb7i/+1khx15aEg
DA:92,1,KxgaGtJPkScc4OG7mJ59vg
DA:93,1,L0nh42jv9T0IQpG6euK0JA
DA:110,1,vGjHrgfZ3BoB7wJpA2ROPA
DA:121,1,3yZ/XBK+1x00A/qHzy2Hwg
DA:125,1,nDRVISScTuVcaUs6ZDPY2Q
DA:135,1,x/AOgVwXsbFbqVmj6s/8Rg
DA:136,1,ibUBXQeSBCAcqXjBeonXCw
DA:137,1,KACPNwVHMXmiTSMg3+Q38w
DA:138,1,zcX4YqIfzLq8XOHkNSrJAg
DA:139,1,saK0qJuYyuaznE6Br3m1tw
DA:143,1,kig4DRxquu4VEu3BmEbS5Q
DA:144,1,H0OvaO2SXbig/57zlnWIDg
DA:146,1,14/FJ08LgnjasFiR9+VXyg
DA:150,1,tv1Gu2S5XySW2P4oT+KmFA
DA:152,1,NhwiEFYxgSItKkKpG1x/GA
DA:153,1,EQ4i0hOAXKuhhJky/fhWMg
DA:155,1,HmADa1g/W1C2Vo9Wm4sNNA
DA:156,1,GgpMDtnGWU1f6VsGRp3i6w
DA:160,1,UqZ5fwMA2dtBNUt5J7LSHQ
DA:162,1,HmADa1g/W1C2Vo9Wm4sNNA
DA:163,1,7miFR96yMMGqCr/pC59TDw
DA:167,1,nWrOZQ6sl1P8/DYdU2egYQ
DA:169,1,HmADa1g/W1C2Vo9Wm4sNNA
DA:170,1,558YOIiN2Uve2is5JAR0mA
DA:174,1,Zor6ecW+JWcu0Fjm4edKUw
DA:176,1,HmADa1g/W1C2Vo9Wm4sNNA
DA:177,1,+dF1uHDwSK6lrPkQX/T7Ow
DA:181,1,/lbx6TnKBJ4/fyozGpUTYw
DA:183,1,HmADa1g/W1C2Vo9Wm4sNNA
DA:184,1,SVWQAIK0hSeiD5ckFx96mA
DA:188,1,Qv/LRLETV7PTXW27OA0k5A
DA:190,1,HmADa1g/W1C2Vo9Wm4sNNA
DA:191,1,5MQej2azzpBDYnlQayS1kA
DA:199,1,JQoM09RjR50n5YJVKeiBIw
DA:201,1,r4CE6rRfs7eTHu94A6KU7Q
DA:203,1,kJrvYmXX0uR2EgQQPU6XIQ
DA:204,1,mOaMAeVFxfbghJ2ZBsKB2A
DA:205,1,SVsbboe6UCLskK2qWdgoug
DA:207,1,QPZCBTdYK6ywsoe6/lXQZA
DA:210,1,qUf/6yXP9z0B+goh9tsx+A
DA:213,1,S2Sb9NTbG4+cg4mxR+vxKg
DA:214,1,s1RaoBDR18W2iWJppREhTQ
DA:218,1,JYwm7EfGwAyX/dppMarcjg
DA:219,1,XRDfchUleN09v1r9IgOnrg
DA:225,1,BmK8bWq1/im5/kMqzBVAjA
DA:226,1,6F0f9DoQSl4CXofnVZ3iEQ
DA:229,1,3Nf2o6JIMD081sHE62ebPw
DA:231,1,XpTKrBWJAMbvGO5XcDaXnA
DA:232,1,Hhlh8eyeKoHMsJPBUsiXoQ
DA:234,1,nTDctDvW5X8f5bL8TUmgug
DA:235,1,XRDfchUleN09v1r9IgOnrg
DA:241,1,BmK8bWq1/im5/kMqzBVAjA
DA:242,1,yq9cHZLJXgfYOnS/f+njAw
DA:245,1,Fuap1hBXizLW6TncPOExfw
DA:247,1,RmDaLbWk17EEdJWa7l9nIg
DA:248,1,ElKtZbdDDLeXug9/8/jf0w
DA:250,1,sE03+o23R5DjYHVAEXX2hg
DA:251,1,+HRDYlMQGL02lJBNINdCjQ
DA:253,1,/PY12qzEEoNOkt02zhyPPg
LF:84
LH:84
end_of_record
TN:
SF:cvx/cla/linalg/__init__.py
DA:1,1,QaluMreCMOM8hy1jdTbH1A
LF:0
LH:0
end_of_record
TN:
SF:cvx/cla/linalg/algebra.py
DA:14,1,IWWjrCeOtk8NNtrE95++2g
DA:17,1,SH/O58VPiY21KjD5563m5A
DA:30,1,O12J+f0fwE9yVufBuDj5/A
DA:31,1,dhvb0TJhSkLzb+Hv4OpLPw
DA:32,1,BnXYmU6dg9nTQZo5GkgcCg
DA:34,1,k+FPSnFWX005zf0j5xZMSQ
DA:35,1,9xJ3eYxPtLUg/Vqf7YI0SQ
DA:37,1,zQSuFRleWq2yRg7fBioDQA
DA:38,1,ceox7O2z4JN4QX6fCHCf4Q
DA:40,1,r7k3dykx2Wf1Nv8lAH94IQ
DA:42,1,Y6t3MlnCvEYrnR1Ha8AqQQ
DA:18,0,Kb/8IsBHAJsqtO1+PMgyTw
DA:19,0,VVvpOG/VEC52eYK68+Bbkw
DA:21,0,LDKP9yZPzsPUoVDuVFP1oA
DA:22,0,PuJ6fsBX1TaxY50MKf6j6g
DA:24,0,2AfmNbtknydaOSoKRVr9nA
DA:25,0,7u5GJSqqRYm+Q/3FbnEfwQ
DA:27,0,sw6yS3yTTEK8R1LywPnyWA
LF:18
LH:11
end_of_record
TN:
SF:cvx/cla/markowitz/__init__.py
DA:1,1,QaluMreCMOM8hy1jdTbH1A
LF:0
LH:0
end_of_record
TN:
SF:cvx/cla/markowitz/cla.py
DA:14,1,7HpIEQVf5K0efdTzo05mJg
DA:16,1,IWWjrCeOtk8NNtrE95++2g
DA:18,1,WpLSprSYFS5yZsEF2bNYFw
DA:19,1,mNxXEKS2dTAVXZJi50V2qg
DA:20,1,y8w3LffHQFFZ/2Ct8Qah2A
DA:23,1,/S8d/HVFLOL/gTU2e/TkhA
DA:24,1,nW+2H8DwesDcifh6Mga3ZA
DA:25,1,mHdZKLuZrY3JDPOeQHLV4Q
DA:26,1,cu+/vazsPslV9kWJTzz7RQ
DA:28,1,A5nj58WETc7J7mVyC0gkAQ
DA:30,1,NOhVQZiDvOzEFA+2ocQumw
DA:31,1,/a/s48HzVxPgEuXymh30kw
DA:32,1,VA7QmmQAzcGWFDd6Uv0qNQ
DA:35,1,1GG0iYP/9T3wkwkkWIl0ww
DA:38,1,6T0WjbQmcoyjpNWx5+TuiA
DA:39,1,KGVT4BgXiXjPq1PunSdHbg
DA:42,1,/j1qrocD8ogZ3C0esQQC4A
DA:43,1,24qpafxO/x5lWE2YJ0CBjQ
DA:46,1,AUsHg64qWTWJnAp5racCDA
DA:48,1,YjjgAAPPnptbXBtn6yLw5w
DA:52,1,Ff+bWKjjpW4JmDS690PF/Q
DA:53,1,YGgjgfCYDuCYUEzFqBTC4Q
DA:55,1,ZIsVMT+Hf0i7pLwhaxC1Mw
DA:56,1,Hp8pE0GNeU8dRMIFJhadVg
DA:60,1,Y/bMmzjk/rJ3dL53OR/rSg
DA:61,1,zJRV7xvrmhPZw58PcFICqg
DA:64,1,9AOrkgmtnAzLYMcA7gzH+w
DA:65,1,OQ937VqV4OOJKE8yHGJu0w
DA:67,1,Zomtz1lsqmL0wkAichQCsQ
DA:68,1,26u28xx92tCo1Odv1GKMAA
DA:70,1,+FYBfRSpZ9bIJG8xIOicjA
DA:71,1,/+PivWAhq97T9/BZ9niSPg
DA:73,1,84/gYFt7YfINX4ehbUPdzw
DA:74,1,62yl7H8F8yQGlSSla6ly8A
DA:76,1,Gz1YjKj7Mc5mRHg0Gtnozg
DA:78,1,8/tujTuwLNP6KO2/dVfvTw
DA:79,1,ir+HFlUIFMb3MwQuTzlmuQ
DA:81,1,Q4AldJ2qwLEpTJ5kTsNNWQ
DA:82,1,EIe+m4eezvrnZ/LCdt6hOA
DA:84,1,JMs3cC8ivUwyUKGWJeIqfw
DA:85,1,/6IwPNKhuo5o9lFCQJ5iQg
DA:88,1,+bByD5qww2Jx/rB4UPnpVw
DA:90,1,+IyBAx+DE/+3ZPkzdRuRQg
DA:91,1,K4Puxnniouk7OTyuLYJPZg
DA:94,1,cZGfZORLp4NG4wBUy7XcnA
DA:95,1,Y3O1rxcKBj+2NgjIiiRPLg
DA:98,1,VlvdZwSFm+mmyJEerHnEAA
DA:99,1,Lmi8bfsqn/GHZAmO4PAJzA
DA:102,1,shfcTeCfN9rrJewlVfHDSg
DA:103,1,hnIW4jPFRG5iLogrqC5hNw
DA:106,1,GYWCCuvveizv73AoK1PqEQ
DA:107,1,U3JANUuYLzZnJJCuJt+OWQ
DA:111,1,GLQZqsrZ8RrW0maeF8Ztrg
DA:112,1,pOJwuGdEbe7GLbMcySd1QA
DA:114,1,/FxiFDJEKPiSTrdyl1coXg
DA:117,1,J+eENoVyHwzaiU81NcM8Cg
DA:119,1,xGTj0DNAdJS2nziIDy+Paw
DA:120,1,C2dILK38kDUkNxrbxf5QdQ
DA:121,1,5CttXcPBDRMbxmgpwml6sQ
DA:123,1,PWJZ81K+kmz4ql9fMTXOaA
DA:126,1,k5jgnhMJMPMI1vlAbW3JGQ
DA:129,1,JZratZf7LFe5MzbUjTh4Ww
DA:131,1,Rq+N2kMUIhQwag8sSIA7tA
DA:132,1,TIHQNuGw/Q5ShsfOkI6qWQ
LF:64
LH:64
end_of_record
TN:
SF:cvx/cla/niedermayer/__init__.py
DA:1,1,QaluMreCMOM8hy1jdTbH1A
LF:0
LH:0
end_of_record
TN:
SF:cvx/cla/niedermayer/cla.py
DA:14,1,7HpIEQVf5K0efdTzo05mJg
DA:16,1,IWWjrCeOtk8NNtrE95++2g
DA:17,1,n/Bn8OsypyQXJHcvg/Edqw
DA:19,1,WpLSprSYFS5yZsEF2bNYFw
DA:20,1,INY6njAz1SaqWddKZeKGzg
DA:23,1,/S8d/HVFLOL/gTU2e/TkhA
DA:24,1,nW+2H8DwesDcifh6Mga3ZA
DA:25,1,mHdZKLuZrY3JDPOeQHLV4Q
DA:141,1,9l4QAGHT3C/3zu9Fm6qlmw
DA:142,1,velqAnJQpWv4Hi1ExNML1w
DA:155,1,HmADa1g/W1C2Vo9Wm4sNNA
DA:156,1,9wc7GNj1AdaUTSiQwOUgUA
DA:159,1,HmADa1g/W1C2Vo9Wm4sNNA
DA:160,1,5WC9BrNDy2hbvoFoRUVuqg
DA:163,1,HmADa1g/W1C2Vo9Wm4sNNA
DA:164,1,qherH8vgObRkM2KHa+pFSA
DA:167,1,HmADa1g/W1C2Vo9Wm4sNNA
DA:168,1,uSnxoSDmMMvxezXvuwFxqw
DA:171,1,HmADa1g/W1C2Vo9Wm4sNNA
DA:172,1,G3MkanKMc5DBoB5w1BZFow
DA:175,1,tFXvYC2ASyRhmTj2gzvFgw
DA:199,1,WoK2/ZbcfSyVL+jU7ZgSZQ
DA:218,1,86nVozj/ELnh8j+LRISmMg
DA:224,1,9K1L/zeeehUBiaA+Apx43g
DA:27,0,8ObTCE76uzPUFRdjGgiSqQ
DA:29,0,FI3Uf7/WSjSy4vugWPDo9w
DA:30,0,YGgjgfCYDuCYUEzFqBTC4Q
DA:33,0,5wPSHp9THRlUhyiNxh/3dg
DA:36,0,KDtKWk9L4B6f8um8pv8HGQ
DA:37,0,uNf33ZhFZjdrYOS8sKJNCw
DA:44,0,eEWP2CqoSIbqprYFwcuXYQ
DA:46,0,Zj/tifdwOmTm+RuY2xDqxA
DA:48,0,XCTQAw8uVh3+/5UUkRBaAw
DA:53,0,5zenEdkMFYJDuNxziK1UYg
DA:54,0,ofFC8KIjIOe68wcasUX3/g
DA:57,0,uOCOebJ05VD9yfmCZiSF2Q
DA:59,0,NXcJ2+7CtbrVK04nSwMKYA
DA:66,0,d/lCt/DK3FqikM+I1BOkMQ
DA:67,0,GbV4aP9uxEmzb2BS6POaUQ
DA:87,0,QGL0FzSdAuB9CavUJjEpCw
DA:88,0,m4j1x8JN68lVDeyF1WL0gw
DA:90,0,syk2PP4hgSDOJQe+2KorsA
DA:91,0,X109SCATfOJmqh9jVULLZA
DA:93,0,oP3T6x1HB73MzMkkjzoI6g
DA:94,0,hlTkTh187WhQuWZBBaP/iA
DA:96,0,p2YwohVA013DdhBIP2fnWg
DA:98,0,dKm1WtwcA4i4tnDWY88FXw
DA:99,0,/J5rHOdodGsFgbrRwzR4cQ
DA:101,0,zcnN1vGvuN+sXc5R/fwWkg
DA:102,0,fadrSpPkbNXdvsnQN9HZzg
DA:103,0,sF4Yk1DRrr+64Qj2WtOKfg
DA:106,0,EIqMME9i3c1Q2ATkQLv6eA
DA:108,0,pOJwuGdEbe7GLbMcySd1QA
DA:110,0,NXcJ2+7CtbrVK04nSwMKYA
DA:117,0,3sKUnKexU4CVsgq8mLzEuA
DA:119,0,mD7KZXKTNuO+sydnOJ2VYQ
DA:120,0,/Kk1k4trq6KN9djI93cZZw
DA:122,0,C7LTCEf7Q/DsXIc3LUOYTw
DA:126,0,6N0C18+vSJcopRCiWC3ODg
DA:129,0,OK7wOCLe0WlWamgxRDz4Fw
DA:130,0,rAHpGloQk5Gp+2bFQGhHkA
DA:132,0,fCYJ6pV0rn041hNGKqrk1g
DA:133,0,2cXUI/BxxTIOkOpmjtYW5w
DA:136,0,gY8esmyr3gtfth6hwFDnsQ
DA:137,0,Rq+N2kMUIhQwag8sSIA7tA
DA:138,0,TIHQNuGw/Q5ShsfOkI6qWQ
DA:143,0,I4Uej840plwr7ciJyvDTQA
DA:150,0,SqbbvQqet5sfUcstkko75w
DA:151,0,woWqh1nNxyUsT4xrSh8qyQ
DA:152,0,as5hd6ozUvjPP0quyNnV+g
DA:153,0,Swrz2h1R6HlmHcSzNmuhLw
DA:157,0,+1ABj1euBYhU0U9GPP1Wug
DA:161,0,JBKxmt77hmf9X+2GcZznSA
DA:165,0,qpymwz+iZQWUmy75iS3Pbw
DA:169,0,9uy7I/ag3Zd53t/AiW5Wmw
DA:173,0,R6lugUy7MPbmFhSajZWvkw
DA:176,0,AhYaBGOM4KFSHL2/8mUtCQ
DA:177,0,9WROiUbq0E4ZVbdhh0jAKw
DA:178,0,PcFxiUhGvI8Z2j6KZBI3bg
DA:179,0,/1WDuDxE9c/pD0qba8xoPA
DA:181,0,Pr3cy50aNdCTFebrNRm0iQ
DA:182,0,keOyTvHwOB3GiquexYaMqg
DA:183,0,MRqzxnG3iUHc10PCCIFh3g
DA:184,0,PW6Qng2iS9OVHkHcN8n8dQ
DA:186,0,yFsj6fFPWSKUflbx98qdZQ
DA:188,0,123rJyXmHcGgCcoJ+046OQ
DA:190,0,SU0TgGbq+oN9hKp+FDuVRw
DA:191,0,1cQTL2i3xEUcIPQNtLLySA
DA:193,0,VJoogzH0ivHphY9vKlDNGw
DA:194,0,fy5dcjnu3zIqNCLS1l1pQw
DA:195,0,Rcs1kSRIJN9QmXYHCVCcWw
DA:196,0,/NGxF7AFpGc1yUJfqVYy2g
DA:197,0,xTA9kGjWJhh0sbYe2Dc4UA
DA:200,0,1UTWQtgV90bE9+dEhNtaDw
DA:201,0,C3YpAMnzr0LjDR07u/t8RQ
DA:202,0,sbE6ysEx495hcPQYd/VJxQ
DA:204,0,SU0TgGbq+oN9hKp+FDuVRw
DA:205,0,0KLUYnPw03EPLH6V93LyCQ
DA:206,0,ZouY/x6+t0796IU9Yv9kgw
DA:208,0,88jsrsmrew7h61Z0sxzHBQ
DA:209,0,esVxSgC0zu/Ba1K2iUsm9A
DA:210,0,4XytqwZU8GedteBMqyiRog
DA:211,0,cMED3rfoubgXu8QBad7u1A
DA:212,0,mKLOkFUAzvps6O2Y1Vfi4g
DA:214,0,0a/WvQoHpJTpHP7FHEFTCQ
DA:215,0,UitGUtZROlT/EVPebCLqcg
DA:216,0,Cca3CMQGjScP++Ng8BJtDg
DA:219,0,PVj7c7kbcTOGKyapsWhonQ
DA:220,0,wFArRrr9lr1lxrgvwKQzMw
DA:221,0,JEjKEsJKnbCEBHabB2xu9w
DA:222,0,tASix/z7soLXbKm5mPPLkw
DA:225,0,bD4LeOUVOLTuZVFohGh5pg
DA:226,0,dCzSVE9IXev4HD5+1HvrSw
DA:228,0,zhSjAOFh7U6L9xPHDmBUUw
DA:229,0,g2ZAY6o0mmX1PGRSFLlkow
DA:230,0,IEZLogLVX/eCX73PvTnTGQ
DA:232,0,BE4aNxeJhRWU85sOLdFuXg
DA:234,0,zp/ZFr/63N3w0jT1EQn73w
DA:236,0,yRVSf7TVJetnOv83Tyxhmw
DA:237,0,kVHXiQe0ixBxZVRN4pRurw
DA:238,0,02ttZ4I1oauYbpnpMbAeDg
DA:239,0,O5Ssiiw9Nkwu/M91QDN2+w
DA:240,0,cuBtP/3Rl2hWcFS+qBsOIA
LF:123
LH:24
end_of_record
TN:
SF:cvx/cla/niedermayer/linalg.py
DA:14,0,IWWjrCeOtk8NNtrE95++2g
DA:16,0,1CXFXVfNVfyrCB1BHTDFpA
DA:18,0,xQVNdxAJxuGw1z9RcZmDQw
DA:19,0,qZ0oPEZwbDMYAaVUeJuCwA
DA:20,0,OzckniL2QMS/4x81LW6hqQ
DA:22,0,m/o1OnMnO46JNjb4WmnZSA
DA:23,0,Eu24LbKi9UuJaym7hWarOg
DA:25,0,o9bYGkuXsrpP0EnqEDdFRw
DA:26,0,+4AZdvnLIT3yS5KNvs+sjQ
DA:27,0,P4AC55idotzu2XztrKtX+A
DA:29,0,loHl7ux7VxEVmLjwUJCNQA
DA:30,0,EqE6TpfN4TCKOuUk4LV/lg
DA:32,0,UYSizfuHR9vjJ9N/s5k55A
DA:33,0,OwbusaNHwWI3q4kxpMlF6g
DA:35,0,c7iJdL16DNz785590eKA+A
DA:36,0,VSPu9APokLN3md+1Uf6ADw
DA:38,0,gzY4LMdBK2IrJCtNH7kmVA
DA:40,0,YRID0aU1gwA8kuBYLVXmZQ
DA:42,0,MfQ5LnSaLjdEj+GSeJyXMg
DA:44,0,FW291eSw/VHkbgirKuXBAg
DA:46,0,ze2KUeZ4vgTc7MGjWOnd1Q
DA:47,0,+grSmQo7QbbBztIlzWWRxg
DA:49,0,u8Y23hCwm7TpBYktxrUH8g
DA:51,0,3LwB38fRjxlsKIIdxnsqVw
DA:52,0,CArojqxIVV5xkqWagjnwBA
DA:54,0,0N+EPEMtRnK14u5hjjPDyg
DA:55,0,FqqPKolup9UwEbijW/WQJA
DA:57,0,rxBc/cqS+OsEDr/z+qKCoA
DA:58,0,pnlCWySDMqX91juG6I8/OQ
LF:29
LH:0
end_of_record
TN:
SF:cvx/cla/plotting.py
DA:14,1,GusTQ8rnslKGIeoIX1fGdQ
DA:16,1,L00nZxDhRmYfLhGrq84LxQ
DA:18,1,Q6KbgsT9nz9x+LS3s2npSw
DA:21,1,QZRUmR0NufUrPf2v0fL46Q
DA:23,1,rYAo825MU1RU1zPHvFoMXw
DA:26,1,7WTB0DygQLz/83wxDQYgUA
DA:28,1,QOesBPJRYGGEoRNp4gz2Rw
DA:34,1,kxj8gewc5LJaNudLUz5TMw
DA:37,1,ejxZR6SaxP5n9+mgmlDUCg
DA:44,1,C27oxg1OnuSx8CtS53C8lw
LF:10
LH:10
end_of_record
TN:
SF:cvx/cla/schiele/__init__.py
LF:0
LH:0
end_of_record
TN:
SF:cvx/cla/schiele/cla.py
DA:14,0,7HpIEQVf5K0efdTzo05mJg
DA:16,0,WpLSprSYFS5yZsEF2bNYFw
DA:19,0,/S8d/HVFLOL/gTU2e/TkhA
DA:20,0,nW+2H8DwesDcifh6Mga3ZA
DA:21,0,mHdZKLuZrY3JDPOeQHLV4Q
DA:22,0,cu+/vazsPslV9kWJTzz7RQ
DA:23,0,0f8LdPpOJ2wkO19eD2s2AQ
DA:26,0,gXo3ncxmoWTLmjk2SE20Kw
DA:31,0,2lUaqGhD47/q0BwfudN9Ww
LF:9
LH:0
end_of_record
TN:
SF:cvx/cla/solver.py
DA:14,1,gRHjawkciFUavd6j4zLvOw
DA:16,1,VV4PmdD/oXYnoDev4d/S5g
DA:17,1,r8/BqgPcTmZi8AwqeLVFKw
DA:18,1,P03B0mx/doiwZ+32FPiEig
DA:21,1,AB4ghhy3BfauIswPs9Q2KA
DA:22,1,esELUgstyU+9RQ8VseRbuQ
DA:23,1,lSRHegy1ssfqG9u2W5JrOA
DA:24,1,39Pyxg8+F/qtAm8oxnZulA
DA:26,1,QsaEkJZilF8+HP25+nk+Zg
DA:27,1,CrJnkK+4Ih3he/BkugdbZg
LF:10
LH:10
end_of_record
TN:
SF:cvx/cla/types.py
DA:14,1,1+9wdnNK6ERHmSA06tdyPQ
DA:17,1,ydCxunymauVRdfWlNGpIBA
DA:19,1,7HpIEQVf5K0efdTzo05mJg
DA:21,1,IWWjrCeOtk8NNtrE95++2g
DA:22,1,odaHZhup/YaLjDNdDhObSA
DA:23,1,wx2LtGJUStCDSsKpVmTMEw
DA:25,1,a+ZCfC2kKaCodCbFodJ4tQ
DA:26,1,nbFzuxzQFCc0/fq5x4G8UA
DA:29,1,/S8d/HVFLOL/gTU2e/TkhA
DA:30,1,G6uePpGov8g/PX+0YZ3t/A
DA:31,1,+5Ct/vezlMK4oPeJIfZGqw
DA:32,1,owcqNuM4ifINpY5OJb2Z4A
DA:33,1,ayCBwXS09YqOC3XgAIS1GQ
DA:35,1,HmADa1g/W1C2Vo9Wm4sNNA
DA:36,1,OHAikBLKtcbmdoNEVwt27A
DA:37,1,9p60McJf3H+I6FtgN/r3EQ
DA:39,1,HmADa1g/W1C2Vo9Wm4sNNA
DA:40,1,crCS3gms+61MWvw+w0zx3g
DA:41,1,2maJ/mrzM0pw4LVcaUVRDA
DA:43,1,ws8mh2hWQfT8eOR3dNwiVQ
DA:44,1,x/BI/BD2oGKNni9CRWwV+A
DA:46,1,u2xo1aWHRAw88/tdlBjA7Q
DA:47,1,asDS4DxgBBd3zK+nCOJfVw
LF:23
LH:23
end_of_record
